TN:
SF:src/parsers/file-reader.js
FN:7,getFileData
FN:36,getFileJSON
FNF:2
FNH:2
FNDA:6,getFileData
FNDA:3,getFileJSON
DA:1,1
DA:2,1
DA:3,1
DA:4,1
DA:5,1
DA:6,1
DA:7,1
DA:8,6
DA:9,6
DA:10,6
DA:11,6
DA:12,6
DA:13,6
DA:14,6
DA:15,6
DA:16,2
DA:17,2
DA:18,2
DA:19,6
DA:20,6
DA:21,2
DA:22,2
DA:23,2
DA:24,6
DA:25,2
DA:26,2
DA:27,6
DA:28,6
DA:29,6
DA:30,6
DA:31,6
DA:32,6
DA:33,6
DA:34,6
DA:35,1
DA:36,1
DA:37,3
DA:38,3
DA:39,3
DA:40,3
DA:41,3
DA:42,3
DA:43,1
DA:44,1
DA:45,1
DA:46,3
DA:47,1
DA:48,1
DA:49,1
DA:50,3
DA:51,1
DA:52,1
DA:53,3
DA:54,3
DA:55,3
DA:56,3
DA:57,1
DA:58,1
LF:58
LH:58
BRDA:7,0,0,6
BRDA:15,1,0,2
BRDA:19,2,0,2
BRDA:20,3,0,2
BRDA:24,4,0,2
BRDA:36,5,0,3
BRDA:42,6,0,1
BRDA:46,7,0,1
BRDA:50,8,0,1
BRF:9
BRH:9
end_of_record
TN:
SF:src/parsers/json-parser.js
FN:3,getDiffData
FN:42,getDiff
FNF:2
FNH:2
FNDA:7,getDiffData
FNDA:2,getDiff
DA:1,1
DA:2,1
DA:3,1
DA:4,7
DA:5,7
DA:6,7
DA:7,6
DA:8,6
DA:9,6
DA:10,6
DA:11,6
DA:12,6
DA:13,24
DA:14,24
DA:15,24
DA:16,24
DA:17,24
DA:18,8
DA:19,8
DA:20,8
DA:21,16
DA:22,16
DA:23,9
DA:24,9
DA:25,9
DA:26,9
DA:27,9
DA:28,9
DA:29,9
DA:30,7
DA:31,7
DA:32,7
DA:33,7
DA:34,7
DA:35,24
DA:36,24
DA:37,6
DA:38,6
DA:39,6
DA:40,6
DA:41,1
DA:42,1
DA:43,2
DA:44,2
DA:45,2
DA:46,2
DA:47,2
DA:48,10
DA:49,10
DA:50,2
DA:51,2
DA:52,2
DA:53,10
DA:54,3
DA:55,3
DA:56,3
DA:57,10
DA:58,2
DA:59,2
DA:60,2
DA:61,2
DA:62,10
DA:63,3
DA:64,3
DA:65,3
DA:66,10
DA:67,0
DA:68,0
DA:69,10
DA:70,10
DA:71,10
DA:72,2
DA:73,2
DA:74,2
DA:75,2
DA:76,1
DA:77,1
DA:78,1
LF:78
LH:76
BRDA:3,0,0,7
BRDA:6,1,0,1
BRDA:6,2,0,6
BRDA:12,3,0,24
BRDA:17,4,0,8
BRDA:20,5,0,16
BRDA:22,6,0,9
BRDA:25,7,0,6
BRDA:25,8,0,3
BRDA:29,9,0,7
BRDA:42,10,0,2
BRDA:47,11,0,10
BRDA:49,12,0,2
BRDA:53,13,0,3
BRDA:57,14,0,2
BRDA:62,15,0,3
BRDA:66,16,0,0
BRF:17
BRH:16
end_of_record
